This is e-upTeX, Version 3.141592653-p4.1.0-u1.29-230214-2.6 (utf8.euc) (TeX Live 2023/Debian) (preloaded format=platex 2025.3.20)  26 MAR 2025 03:05
entering extended mode
 restricted \write18 enabled.
 %&-line parsing enabled.
**template_v1.0.tex
(./template_v1.0.tex
pLaTeX2e <2023-02-14>+1, based on
LaTeX2e <2023-11-01> patch level 1
L3 programming layer <2024-01-22>
(./template_v1.0.cls
(/usr/share/texlive/texmf-dist/tex/latex/geometry/geometry.sty
Package: geometry 2020/01/02 v5.9 Page Geometry

(/usr/share/texlive/texmf-dist/tex/latex/graphics/keyval.sty
Package: keyval 2022/05/29 v1.15 key=value parser (DPC)
\KV@toks@=\toks18
)
(/usr/share/texlive/texmf-dist/tex/generic/iftex/ifvtex.sty
Package: ifvtex 2019/10/25 v1.7 ifvtex legacy package. Use iftex instead.

(/usr/share/texlive/texmf-dist/tex/generic/iftex/iftex.sty
Package: iftex 2022/02/03 v1.0f TeX engine tests
))
\Gm@cnth=\count186
\Gm@cntv=\count187
\c@Gm@tempcnt=\count188
\Gm@bindingoffset=\dimen156
\Gm@wd@mp=\dimen157
\Gm@odd@mp=\dimen158
\Gm@even@mp=\dimen159
\Gm@layoutwidth=\dimen160
\Gm@layoutheight=\dimen161
\Gm@layouthoffset=\dimen162
\Gm@layoutvoffset=\dimen163
\Gm@dimlist=\toks19
)
(/usr/share/texlive/texmf-dist/tex/latex/psnfss/times.sty
Package: times 2020/03/25 PSNFSS-v9.3 (SPQR) 
)
(/usr/share/texlive/texmf-dist/tex/latex/tools/layout.sty
Package: layout 2023-08-20 v1.2e Show layout parameters
\oneinch=\count189
\cnt@paperwidth=\count190
\cnt@paperheight=\count191
\cnt@hoffset=\count192
\cnt@voffset=\count193
\cnt@textheight=\count194
\cnt@textwidth=\count195
\cnt@topmargin=\count196
\cnt@oddsidemargin=\count197
\cnt@evensidemargin=\count198
\cnt@headheight=\count199
\cnt@headsep=\count266
\cnt@marginparsep=\count267
\cnt@marginparwidth=\count268
\cnt@marginparpush=\count269
\cnt@footskip=\count270
\fheight=\count271
\ref@top=\count272
\ref@hoffset=\count273
\ref@voffset=\count274
\ref@head=\count275
\ref@body=\count276
\ref@foot=\count277
\ref@margin=\count278
\ref@marginwidth=\count279
\ref@marginpar=\count280
\Interval=\count281
\ExtraYPos=\count282
\PositionX=\count283
\PositionY=\count284
\ArrowLength=\count285
)
(/usr/share/texlive/texmf-dist/tex/latex/graphics/graphicx.sty
Package: graphicx 2021/09/16 v1.2d Enhanced LaTeX Graphics (DPC,SPQR)

(/usr/share/texlive/texmf-dist/tex/latex/graphics/graphics.sty
Package: graphics 2022/03/10 v1.4e Standard LaTeX Graphics (DPC,SPQR)

(/usr/share/texlive/texmf-dist/tex/latex/graphics/trig.sty
Package: trig 2021/08/11 v1.11 sin cos tan (DPC)
)
(/usr/share/texlive/texmf-dist/tex/latex/graphics-cfg/graphics.cfg
File: graphics.cfg 2016/06/04 v1.11 sample graphics configuration
)
Package graphics Info: Driver file: dvips.def on input line 107.

(/usr/share/texlive/texmf-dist/tex/latex/graphics-def/dvips.def
File: dvips.def 2022/09/22 v3.1e Graphics/color driver for dvips
))
\Gin@req@height=\dimen164
\Gin@req@width=\dimen165
)
(/usr/share/texlive/texmf-dist/tex/latex/tools/rawfonts.sty
Package: rawfonts 1994/05/08 Low-level LaTeX 2.09 font compatibility

(/usr/share/texlive/texmf-dist/tex/latex/tools/somedefs.sty
Package: somedefs 1994/06/01 v0.03 Toolkit for optional definitions
)
LaTeX Font Info:    Trying to load font information for U+lasy on input line 49
.

(/usr/share/texlive/texmf-dist/tex/latex/base/ulasy.fd
File: ulasy.fd 1998/08/17 v2.2e LaTeX symbol font definitions
))
(/usr/share/texlive/texmf-dist/tex/latex/base/oldlfont.sty
Package: oldlfont 2014/09/29 v2.2k Standard LaTeX package

(/usr/share/texlive/texmf-dist/tex/latex/base/tracefnt.sty
Package: tracefnt 2020/12/22 v3.0n Standard LaTeX package (font tracing)
\tracingfonts=\count286
LaTeX Info: Redefining \selectfont on input line 107.
Applying: [2021/06/01] Add hook to \selectfont  on input line 142.
Already applied: [0000/00/00] Add hook to \selectfont  on input line 145.
)
\symbold=\mathgroup4
\symsans=\mathgroup5
\symtypewriter=\mathgroup6
\symitalic=\mathgroup7
\symsmallcaps=\mathgroup8
\symslanted=\mathgroup9
LaTeX Font Info:    Redeclaring math alphabet \mathbf on input line 61.
LaTeX Font Info:    Redeclaring math alphabet \mathsf on input line 62.
LaTeX Font Info:    Redeclaring math alphabet \mathtt on input line 63.
LaTeX Font Info:    Redeclaring math alphabet \mathit on input line 69.
LaTeX Info: Redefining \em on input line 79.

(/usr/share/texlive/texmf-dist/tex/latex/base/latexsym.sty
Package: latexsym 1998/08/17 v2.2e Standard LaTeX package (lasy symbols)
\symlasy=\mathgroup10
LaTeX Font Info:    Overwriting symbol font `lasy' in version `bold'
(Font)                  U/lasy/m/n --> U/lasy/b/n on input line 52.
))
(/usr/share/texlive/texmf-dist/tex/latex/base/fleqn.clo
File: fleqn.clo 2016/12/29 v1.2b Standard LaTeX option (flush left equations)
\mathindent=\skip48
Applying: [2015/01/01] Make \[ robust on input line 50.
LaTeX Info: Redefining \[ on input line 51.
Already applied: [0000/00/00] Make \[ robust on input line 62.
Applying: [2015/01/01] Make \] robust on input line 74.
LaTeX Info: Redefining \] on input line 75.
Already applied: [0000/00/00] Make \] robust on input line 83.
)
-- This is a 10 point document
\tmpitemindent=\dimen166
\c@section=\count287
\c@subsection=\count288
\c@subsubsection=\count289
\captionindent=\skip49
\c@figure=\count290
\c@table=\count291
\@minsofar=\count292
\@min=\count293
\@cite@temp=\count294
\c@theorem=\count295
) (/usr/share/texlive/texmf-dist/tex/latex/url/url.sty
\Urlmuskip=\muskip16
Package: url 2013/09/16  ver 3.4  Verb mode for urls, etc.
)
(/usr/share/texlive/texmf-dist/tex/latex/ascmac/ascmac.sty
Package: ascmac 2020/01/15 v2.1 ascmac wrapper (community edition) 

(/usr/share/texlive/texmf-dist/tex/latex/ascmac/tascmac.sty
Package: tascmac 2020/01/15 v2.1 ascmac package (community edition) 
\@savetbaselineshift=\dimen167
\@saveybaselineshift=\dimen168
\scb@x=\box68
\scscb@x=\box69
\@bw=\dimen169
\@nbox=\box70
\@nbody=\box71
\@scw=\dimen170
\ascmac@hoboxa=\box72
\ascmac@hoboxb=\box73
\@itemh=\dimen171
\@iboxpos=\toks20
\@iboxstr=\box74
\@bwsp=\box75
\@@bwsp=\box76
\@bcal=\count296
\shaderule=\dimen172
))
(/usr/share/texlive/texmf-dist/tex/latex/amsfonts/amssymb.sty
Package: amssymb 2013/01/14 v3.01 AMS font symbols

(/usr/share/texlive/texmf-dist/tex/latex/amsfonts/amsfonts.sty
Package: amsfonts 2013/01/14 v3.01 Basic AMSFonts support
\@emptytoks=\toks21
\symAMSa=\mathgroup11
\symAMSb=\mathgroup12
LaTeX Font Info:    Redeclaring math symbol \hbar on input line 98.
LaTeX Font Info:    Overwriting math alphabet `\mathfrak' in version `bold'
(Font)                  U/euf/m/n --> U/euf/b/n on input line 106.
))
(/usr/share/texlive/texmf-dist/tex/latex/breqn/breqn.sty
(/usr/share/texlive/texmf-dist/tex/latex/l3kernel/expl3.sty
Package: expl3 2024-01-22 L3 programming layer (loader) 

(/usr/share/texlive/texmf-dist/tex/latex/l3backend/l3backend-dvips.def
File: l3backend-dvips.def 2024-01-04 L3 backend support: dvips
\l__pdf_internal_box=\box77
\g__pdf_backend_object_int=\count297
\l__pdf_backend_content_box=\box78
\l__pdf_backend_model_box=\box79
\g__pdf_backend_annotation_int=\count298
\g__pdf_backend_link_int=\count299
\g__pdf_backend_link_sf_int=\count300
))
Package: breqn 2021/10/28 v0.98l Breaking equations

(/usr/share/texlive/texmf-dist/tex/latex/amsmath/amsmath.sty
Package: amsmath 2023/05/13 v2.17o AMS math features
\@mathmargin=\skip50

For additional information on amsmath, use the `?' option.
(/usr/share/texlive/texmf-dist/tex/latex/amsmath/amstext.sty
Package: amstext 2021/08/26 v2.01 AMS text

(/usr/share/texlive/texmf-dist/tex/latex/amsmath/amsgen.sty
File: amsgen.sty 1999/11/30 v2.0 generic functions
\@emptytoks=\toks22
\ex@=\dimen173
))
(/usr/share/texlive/texmf-dist/tex/latex/amsmath/amsbsy.sty
Package: amsbsy 1999/11/29 v1.2d Bold Symbols
\pmbraise@=\dimen174
)
(/usr/share/texlive/texmf-dist/tex/latex/amsmath/amsopn.sty
Package: amsopn 2022/04/08 v2.04 operator names
)
\inf@bad=\count301
LaTeX Info: Redefining \frac on input line 234.
\uproot@=\count302
\leftroot@=\count303
LaTeX Info: Redefining \overline on input line 399.
LaTeX Info: Redefining \colon on input line 410.
\classnum@=\count304
\DOTSCASE@=\count305
LaTeX Info: Redefining \ldots on input line 496.
LaTeX Info: Redefining \dots on input line 499.
LaTeX Info: Redefining \cdots on input line 620.
\Mathstrutbox@=\box80
\strutbox@=\box81
LaTeX Info: Redefining \big on input line 722.
LaTeX Info: Redefining \Big on input line 723.
LaTeX Info: Redefining \bigg on input line 724.
LaTeX Info: Redefining \Bigg on input line 725.
\big@size=\dimen175
LaTeX Font Info:    Redeclaring font encoding OML on input line 743.
LaTeX Font Info:    Redeclaring font encoding OMS on input line 744.
\macc@depth=\count306
LaTeX Info: Redefining \bmod on input line 905.
LaTeX Info: Redefining \pmod on input line 910.
LaTeX Info: Redefining \smash on input line 940.
LaTeX Info: Redefining \relbar on input line 970.
LaTeX Info: Redefining \Relbar on input line 971.
\c@MaxMatrixCols=\count307
\dotsspace@=\muskip17
\c@parentequation=\count308
\dspbrk@lvl=\count309
\tag@help=\toks23
\row@=\count310
\column@=\count311
\maxfields@=\count312
\andhelp@=\toks24
\eqnshift@=\dimen176
\alignsep@=\dimen177
\tagshift@=\dimen178
\tagwidth@=\dimen179
\totwidth@=\dimen180
\lineht@=\dimen181
\@envbody=\toks25
\multlinegap=\skip51
\multlinetaggap=\skip52
\mathdisplay@stack=\toks26
LaTeX Info: Redefining \[ on input line 2953.
LaTeX Info: Redefining \] on input line 2954.
)
(/usr/share/texlive/texmf-dist/tex/latex/breqn/flexisym.sty
Package: flexisym 2021/10/28 v0.98l Make math characters macros
LaTeX Info: Redefining \textprime on input line 299.
LaTeX Info: Redefining \not on input line 357.

(/usr/share/texlive/texmf-dist/tex/latex/breqn/cmbase.sym
File: cmbase.sym 2007/12/19 v0.92
LaTeX Info: Redefining \hbar on input line 324.
LaTeX Info: Redefining \surd on input line 326.
LaTeX Info: Redefining \angle on input line 334.
LaTeX Info: Redefining \neq on input line 335.
LaTeX Info: Redefining \mapsto on input line 336.
LaTeX Info: Redefining \cong on input line 337.
LaTeX Info: Redefining \notin on input line 340.
LaTeX Info: Redefining \rightleftharpoons on input line 341.
LaTeX Info: Redefining \doteq on input line 342.
LaTeX Info: Redefining \hookrightarrow on input line 343.
LaTeX Info: Redefining \hookleftarrow on input line 344.
LaTeX Info: Redefining \bowtie on input line 345.
LaTeX Info: Redefining \models on input line 346.
LaTeX Info: Redefining \Longrightarrow on input line 347.
LaTeX Info: Redefining \longrightarrow on input line 348.
LaTeX Info: Redefining \Longleftarrow on input line 349.
LaTeX Info: Redefining \longleftarrow on input line 350.
LaTeX Info: Redefining \longmapsto on input line 351.
LaTeX Info: Redefining \longleftrightarrow on input line 352.
LaTeX Info: Redefining \Longleftrightarrow on input line 353.
LaTeX Info: Redefining \cdots on input line 357.
LaTeX Info: Redefining \vdots on input line 360.
LaTeX Info: Redefining \ddots on input line 365.
)
(/usr/share/texlive/texmf-dist/tex/latex/breqn/mathstyle.sty
Package: mathstyle 2021/10/28 v0.98l Tracking mathstyle implicitly
LaTeX Info: Redefining \displaystyle on input line 95.
LaTeX Info: Redefining \textstyle on input line 97.
LaTeX Info: Redefining \scriptstyle on input line 99.
LaTeX Info: Redefining \scriptscriptstyle on input line 101.
LaTeX Info: Redefining \genfrac on input line 149.
))
(/usr/share/texlive/texmf-dist/tex/latex/tools/calc.sty
Package: calc 2023/07/08 v4.3 Infix arithmetic (KKT,FJ)
\calc@Acount=\count313
\calc@Bcount=\count314
\calc@Adimen=\dimen182
\calc@Bdimen=\dimen183
\calc@Askip=\skip53
\calc@Bskip=\skip54
LaTeX Info: Redefining \setlength on input line 80.
LaTeX Info: Redefining \addtolength on input line 81.
\calc@Ccount=\count315
\calc@Cskip=\skip55
)
\inf@bad=\count316
\maxint=\count317
\listwidth=\dimen184
\eqnumsep=\dimen185
\eqmargin=\dimen186
\eqlinespacing=\skip56
\eqlineskip=\skip57
\eqlineskiplimit=\dimen187
\eqbinoffset=\muskip18
\eqdelimoffset=\muskip19
\eqindentstep=\dimen188
\eqstyle=\toks27
\eqbreakdepth=\count318
\eqinterlinepenalty=\count319
\intereqpenalty=\count320
\intereqskip=\skip58
\prerelpenalty=\count321
\prebinoppenalty=\count322
\Dmedmuskip=\muskip20
\Dthickmuskip=\muskip21
\eqleftskip=\skip59
\eqrightskip=\skip60
\eq@vspan=\skip61
\eq@binoffset=\muskip22
\EQ@box=\box82
\EQ@copy=\box83
\EQ@numbox=\box84
\eq@wdNum=\dimen189
\GRP@numbox=\box85
\grp@wdNum=\dimen190
\eq@lines=\count323
\eq@curline=\count324
\eq@badness=\count325
\EQ@vims=\count326
\eq@dp=\dimen191
\eq@wdL=\dimen192
\eq@wdT=\dimen193
\eq@wdMin=\dimen194
\grp@wdL=\dimen195
\grp@wdR=\dimen196
\grp@wdT=\dimen197
\eq@wdRmax=\dimen198
\eq@firstht=\dimen199
\eq@wdCond=\dimen256
\eq@indentstep=\dimen257
\eq@linewidth=\dimen258
\grp@linewidth=\dimen259
\eq@hshift=\dimen260
\eq@given@sidespace=\dimen261
\eq@final@linecount=\count327
\eq@wdR=\dimen262
\EQ@continue=\toks28
\lr@level=\count328
\GRP@queue=\toks29
\GRP@box=\box86
\GRP@wholebox=\box87
\darraycolsep=\skip62
\cur@row=\count329
\cur@col=\count330
\conditionsep=\skip63
)
(/usr/share/texlive/texmf-dist/tex/latex/tools/bm.sty
Package: bm 2023/07/08 v1.2f Bold Symbol Support (DPC/FMi)
\symboldoperators=\mathgroup13
\symboldletters=\mathgroup14
\symboldsymbols=\mathgroup15
Package bm Info: No bold for \OMX/cmex/m/n, using \pmb.
Package bm Info: No bold for \OT1/cmr/bx/n, using \pmb.
Package bm Info: No bold for \OT1/cmss/m/n, using \pmb.
Package bm Info: No bold for \OT1/cmtt/m/n, using \pmb.
Package bm Info: No bold for \OT1/cmr/m/it, using \pmb.
Package bm Info: No bold for \OT1/cmr/m/sc, using \pmb.
Package bm Info: No bold for \OT1/cmr/m/sl, using \pmb.
Package bm Info: No bold for \U/msa/m/n, using \pmb.
Package bm Info: No bold for \U/msb/m/n, using \pmb.
)
(/usr/share/texlive/texmf-dist/tex/latex/comment/comment.sty
\CommentStream=\write3

Excluding comment 'comment')
(/usr/share/texlive/texmf-dist/tex/latex/pdfpages/pdfpages.sty
Package: pdfpages 2024/01/21 v0.5y Insert pages of external PDF documents (AM)

(/usr/share/texlive/texmf-dist/tex/latex/base/ifthen.sty
Package: ifthen 2022/04/13 v1.1d Standard LaTeX ifthen package (DPC)
)
(/usr/share/texlive/texmf-dist/tex/latex/eso-pic/eso-pic.sty
Package: eso-pic 2023/05/03 v3.0c eso-pic (RN)
\ESO@tempdima=\dimen263
\ESO@tempdimb=\dimen264

(/usr/share/texlive/texmf-dist/tex/latex/xcolor/xcolor.sty
Package: xcolor 2023/11/15 v3.01 LaTeX color extensions (UK)

(/usr/share/texlive/texmf-dist/tex/latex/graphics-cfg/color.cfg
File: color.cfg 2016/01/02 v1.6 sample color configuration
)
Package xcolor Info: Driver file: dvips.def on input line 274.

(/usr/share/texlive/texmf-dist/tex/latex/graphics/mathcolor.ltx)
Package xcolor Info: Model `cmy' substituted by `cmy0' on input line 1350.
Package xcolor Info: Model `RGB' extended on input line 1366.
Package xcolor Info: Model `HTML' substituted by `rgb' on input line 1368.
Package xcolor Info: Model `Hsb' substituted by `hsb' on input line 1369.
Package xcolor Info: Model `tHsb' substituted by `hsb' on input line 1370.
Package xcolor Info: Model `HSB' substituted by `hsb' on input line 1371.
Package xcolor Info: Model `Gray' substituted by `gray' on input line 1372.
Package xcolor Info: Model `wave' substituted by `hsb' on input line 1373.
))
\AM@pagewidth=\dimen265
\AM@pageheight=\dimen266
\AM@fboxrule=\dimen267

(/usr/share/texlive/texmf-dist/tex/latex/pdfpages/ppnull.def
File: ppnull.def 2024/01/21 v0.5y Pdfpages dummy driver (AM)


Package pdfpages Warning: I will use a dummy \includepdf command
(pdfpages)                which will insert empty pages instead of the actual
(pdfpages)                PDF file because we are running in DVI mode or with
(pdfpages)                dvips driver.

)
\pdfpages@includegraphics@status=\count331
\AM@pagebox=\box88
\AM@global@opts=\toks30
\AM@pagecnt=\count332
\AM@toc@title=\toks31
\AM@lof@heading=\toks32
\c@AM@survey=\count333
\AM@templatesizebox=\box89
) (/usr/share/texlive/texmf-dist/tex/latex/hyperref/hyperref.sty
Package: hyperref 2024-01-20 v7.01h Hypertext links for LaTeX

(/usr/share/texlive/texmf-dist/tex/latex/kvsetkeys/kvsetkeys.sty
Package: kvsetkeys 2022-10-05 v1.19 Key value parser (HO)
)
(/usr/share/texlive/texmf-dist/tex/generic/kvdefinekeys/kvdefinekeys.sty
Package: kvdefinekeys 2019-12-19 v1.6 Define keys (HO)
)
(/usr/share/texlive/texmf-dist/tex/generic/pdfescape/pdfescape.sty
Package: pdfescape 2019/12/09 v1.15 Implements pdfTeX's escape features (HO)

(/usr/share/texlive/texmf-dist/tex/generic/ltxcmds/ltxcmds.sty
Package: ltxcmds 2023-12-04 v1.26 LaTeX kernel commands for general use (HO)
)
(/usr/share/texlive/texmf-dist/tex/generic/pdftexcmds/pdftexcmds.sty
Package: pdftexcmds 2020-06-27 v0.33 Utility functions of pdfTeX for LuaTeX (HO
)

(/usr/share/texlive/texmf-dist/tex/generic/infwarerr/infwarerr.sty
Package: infwarerr 2019/12/03 v1.5 Providing info/warning/error messages (HO)
)
Package pdftexcmds Info: \pdf@primitive is available.
Package pdftexcmds Info: \pdf@ifprimitive is available.
Package pdftexcmds Info: \pdfdraftmode not found.
))
(/usr/share/texlive/texmf-dist/tex/latex/hycolor/hycolor.sty
Package: hycolor 2020-01-27 v1.10 Color options for hyperref/bookmark (HO)
)
(/usr/share/texlive/texmf-dist/tex/latex/auxhook/auxhook.sty
Package: auxhook 2019-12-17 v1.6 Hooks for auxiliary files (HO)
)
(/usr/share/texlive/texmf-dist/tex/latex/hyperref/nameref.sty
Package: nameref 2023-11-26 v2.56 Cross-referencing by name of section

(/usr/share/texlive/texmf-dist/tex/latex/refcount/refcount.sty
Package: refcount 2019/12/15 v3.6 Data extraction from label references (HO)
)
(/usr/share/texlive/texmf-dist/tex/generic/gettitlestring/gettitlestring.sty
Package: gettitlestring 2019/12/15 v1.6 Cleanup title references (HO)

(/usr/share/texlive/texmf-dist/tex/latex/kvoptions/kvoptions.sty
Package: kvoptions 2022-06-15 v3.15 Key value format for package options (HO)
))
\c@section@level=\count334
)
(/usr/share/texlive/texmf-dist/tex/latex/etoolbox/etoolbox.sty
Package: etoolbox 2020/10/05 v2.5k e-TeX tools for LaTeX (JAW)
\etb@tempcnta=\count335
)
\@linkdim=\dimen268
\Hy@linkcounter=\count336
\Hy@pagecounter=\count337

(/usr/share/texlive/texmf-dist/tex/latex/hyperref/pd1enc.def
File: pd1enc.def 2024-01-20 v7.01h Hyperref: PDFDocEncoding definition (HO)
Now handling font encoding PD1 ...
... no UTF-8 mapping file for font encoding PD1
)
(/usr/share/texlive/texmf-dist/tex/generic/intcalc/intcalc.sty
Package: intcalc 2019/12/15 v1.3 Expandable calculations with integers (HO)
)
\Hy@SavedSpaceFactor=\count338

(/usr/share/texlive/texmf-dist/tex/latex/hyperref/puenc.def
File: puenc.def 2024-01-20 v7.01h Hyperref: PDF Unicode definition (HO)
Now handling font encoding PU ...
... no UTF-8 mapping file for font encoding PU
)
Package hyperref Info: Option `colorlinks' set `true' on input line 4062.
Package hyperref Info: Hyper figures OFF on input line 4179.
Package hyperref Info: Link nesting OFF on input line 4184.
Package hyperref Info: Hyper index ON on input line 4187.
Package hyperref Info: Plain pages OFF on input line 4194.
Package hyperref Info: Backreferencing OFF on input line 4199.
Package hyperref Info: Implicit mode ON; LaTeX internals redefined.
Package hyperref Info: Bookmarks ON on input line 4446.
\c@Hy@tempcnt=\count339
LaTeX Info: Redefining \url on input line 4784.
\XeTeXLinkMargin=\dimen269

(/usr/share/texlive/texmf-dist/tex/generic/bitset/bitset.sty
Package: bitset 2019/12/09 v1.3 Handle bit-vector datatype (HO)

(/usr/share/texlive/texmf-dist/tex/generic/bigintcalc/bigintcalc.sty
Package: bigintcalc 2019/12/15 v1.5 Expandable calculations on big integers (HO
)
))
\Fld@menulength=\count340
\Field@Width=\dimen270
\Fld@charsize=\dimen271
Package hyperref Info: Hyper figures OFF on input line 6063.
Package hyperref Info: Link nesting OFF on input line 6068.
Package hyperref Info: Hyper index ON on input line 6071.
Package hyperref Info: backreferencing OFF on input line 6078.
Package hyperref Info: Link coloring ON on input line 6081.
Package hyperref Info: Link coloring with OCG OFF on input line 6088.
Package hyperref Info: PDF/A mode OFF on input line 6093.

(/usr/share/texlive/texmf-dist/tex/latex/base/atbegshi-ltx.sty
Package: atbegshi-ltx 2021/01/10 v1.0c Emulation of the original atbegshi
package with kernel methods
)
\Hy@abspage=\count341
\c@Item=\count342
\c@Hfootnote=\count343
)
Package hyperref Info: Driver: hdvipdfm.

(/usr/share/texlive/texmf-dist/tex/latex/hyperref/hdvipdfm.def
File: hdvipdfm.def 2024-01-20 v7.01h Hyperref driver for dvipdfm
\pdfm@box=\box90
\c@Hy@AnnotLevel=\count344
\HyField@AnnotCount=\count345
\Fld@listcount=\count346
\c@bookmark@seq@number=\count347

(/usr/share/texlive/texmf-dist/tex/latex/rerunfilecheck/rerunfilecheck.sty
Package: rerunfilecheck 2022-07-10 v1.10 Rerun checks for auxiliary files (HO)

(/usr/share/texlive/texmf-dist/tex/latex/base/atveryend-ltx.sty
Package: atveryend-ltx 2020/08/19 v1.0a Emulation of the original atveryend pac
kage
with kernel methods
)
(/usr/share/texlive/texmf-dist/tex/generic/uniquecounter/uniquecounter.sty
Package: uniquecounter 2019/12/15 v1.4 Provide unlimited unique counter (HO)
)
Package uniquecounter Info: New unique counter `rerunfilecheck' on input line 2
85.
)
\Hy@SectionHShift=\skip64
)
(/usr/share/texlive/texmf-dist/tex/latex/base/inputenc.sty
Package: inputenc 2021/02/14 v1.3d Input encoding file
\inpenc@prehook=\toks33
\inpenc@posthook=\toks34
)
LaTeX Font Info:    Trying to load font information for OT1+ptm on input line 3
9.

(/usr/share/texlive/texmf-dist/tex/latex/psnfss/ot1ptm.fd
File: ot1ptm.fd 2001/06/04 font definitions for OT1/ptm.
)

LaTeX Warning: Unused global option(s):
    [a4paper].

(./template_v1.0.aux)
\openout1 = `template_v1.0.aux'.

LaTeX Font Info:    Checking defaults for OML/cmm/m/it on input line 39.
LaTeX Font Info:    ... okay on input line 39.
LaTeX Font Info:    Checking defaults for OMS/cmsy/m/n on input line 39.
LaTeX Font Info:    ... okay on input line 39.
LaTeX Font Info:    Checking defaults for OT1/cmr/m/n on input line 39.
LaTeX Font Info:    ... okay on input line 39.
LaTeX Font Info:    Checking defaults for T1/cmr/m/n on input line 39.
LaTeX Font Info:    ... okay on input line 39.
LaTeX Font Info:    Checking defaults for TS1/cmr/m/n on input line 39.
LaTeX Font Info:    ... okay on input line 39.
LaTeX Font Info:    Checking defaults for OMX/cmex/m/n on input line 39.
LaTeX Font Info:    ... okay on input line 39.
LaTeX Font Info:    Checking defaults for U/cmr/m/n on input line 39.
LaTeX Font Info:    ... okay on input line 39.
LaTeX Font Info:    Checking defaults for JY1/mc/m/n on input line 39.
LaTeX Font Info:    ... okay on input line 39.
LaTeX Font Info:    Checking defaults for JT1/mc/m/n on input line 39.
LaTeX Font Info:    ... okay on input line 39.
LaTeX Font Info:    Checking defaults for PD1/pdf/m/n on input line 39.
LaTeX Font Info:    ... okay on input line 39.
LaTeX Font Info:    Checking defaults for PU/pdf/m/n on input line 39.
LaTeX Font Info:    ... okay on input line 39.

*geometry* driver: auto-detecting
*geometry* detected driver: dvips
*geometry* verbose mode - [ preamble ] result:
* driver: dvips
* paper: a4paper
* layout: <same size as paper>
* layoutoffset:(h,v)=(0.0pt,0.0pt)
* modes: 
* h-part:(L,W,R)=(89.62709pt, 418.25368pt, 89.6271pt)
* v-part:(T,H,B)=(101.40665pt, 591.5302pt, 152.11pt)
* \paperwidth=597.50787pt
* \paperheight=845.04684pt
* \textwidth=483.69684pt
* \textheight=699.93779pt
* \oddsidemargin=-15.36446pt
* \evensidemargin=-15.36446pt
* \topmargin=-31.29802pt
* \headheight=12.0pt
* \headsep=19.91692pt
* \topskip=10.0pt
* \footskip=28.45274pt
* \marginparwidth=0.0pt
* \marginparsep=0.0pt
* \columnsep=28.45274pt
* \skip\footins=10.0pt plus 4.0pt minus 2.0pt
* \hoffset=0.0pt
* \voffset=0.0pt
* \mag=1000
* \@twocolumntrue
* \@twosidefalse
* \@mparswitchfalse
* \@reversemarginfalse
* (1in=72.27pt=25.4mm, 1cm=28.453pt)

(/usr/share/texlive/texmf-dist/tex/latex/pdflscape/pdflscape.sty
Package: pdflscape 2022-10-27 v0.13 Display of landscape pages in PDF

(/usr/share/texlive/texmf-dist/tex/latex/pdflscape/pdflscape-nometadata.sty
Package: pdflscape-nometadata 2022-10-28 v0.13 Display of landscape pages in PD
F (HO)

(/usr/share/texlive/texmf-dist/tex/latex/graphics/lscape.sty
Package: lscape 2020/05/28 v3.02 Landscape Pages (DPC)
)
Package pdflscape Info: Auto-detected driver: dvips (dvips) on input line 124.
))
Package hyperref Info: Link coloring ON on input line 39.

(./template_v1.0.out) (./template_v1.0.out)
\@outlinefile=\write4
\openout4 = `template_v1.0.out'.


! Undefined control sequence.
\@maketitle ...p .5em\center \normalsize \@affils 
                                                  \par } \noindent {\vskip 1...
l.42 
     
The control sequence at the end of the top line
of your error message was never \def'ed. If you have
misspelled it (e.g., `\hobx'), type `I' and the correct
spelling (e.g., `I\hbox'). Otherwise just continue,
and I'll forget about whatever was undefined.

LaTeX Font Info:    Trying to load font information for U+msa on input line 42.

(/usr/share/texlive/texmf-dist/tex/latex/amsfonts/umsa.fd
File: umsa.fd 2013/01/14 v3.01 AMS symbols A
)
LaTeX Font Info:    Trying to load font information for U+msb on input line 42.


(/usr/share/texlive/texmf-dist/tex/latex/amsfonts/umsb.fd
File: umsb.fd 2013/01/14 v3.01 AMS symbols B
)
! Undefined control sequence.
<argument> ...\ignorespaces $\dagger $~~\@speaker 
                                                  \ is the presenter of this...
l.42 
     
The control sequence at the end of the top line
of your error message was never \def'ed. If you have
misspelled it (e.g., `\hobx'), type `I' and the correct
spelling (e.g., `I\hbox'). Otherwise just continue,
and I'll forget about whatever was undefined.

! Missing number, treated as zero.
<to be read again> 
                   \let 
l.46 ...グを学習することで実現される\cite{Zhu2024}
                                                  \cite{Zhu2024a}。主な課題...
A number should have been here; I inserted `0'.
(If you can't figure out why I needed to see a number,
look up `weird error' in the index to The TeXbook.)

! Missing number, treated as zero.
<to be read again> 
                   \let 
l.46 ...で実現される\cite{Zhu2024}\cite{Zhu2024a}
                                                 。主な課題は、ヒューマノイド、
A number should have been here; I inserted `0'.
(If you can't figure out why I needed to see a number,
look up `weird error' in the index to The TeXbook.)

! Missing number, treated as zero.
<to be read again> 
                   \let 
l.49 ...ようなマッピングを学習する\cite{Hanna2017}
                                                  。例えば、車輪型ロボットの...
A number should have been here; I inserted `0'.
(If you can't figure out why I needed to see a number,
look up `weird error' in the index to The TeXbook.)

! Missing number, treated as zero.
<to be read again> 
                   \let 
l.49 ...の形でポリシーを訓練できる\cite{Zhu2024a}
                                                 。Wangらの\textbf{NerveNet}は
A number should have been here; I inserted `0'.
(If you can't figure out why I needed to see a number,
look up `weird error' in the index to The TeXbook.)

! Missing number, treated as zero.
<to be read again> 
                   \let 
l.49 ...を共有することで実現される\cite{Wang2017}
                                                 \cite{Huang2020}\cite{Huang202
A number should have been here; I inserted `0'.
(If you can't figure out why I needed to see a number,
look up `weird error' in the index to The TeXbook.)

! Missing number, treated as zero.
<to be read again> 
                   \let 
l.49 ...実現される\cite{Wang2017}\cite{Huang2020}
                                                 \cite{Huang2020a}。このモジュ
A number should have been here; I inserted `0'.
(If you can't figure out why I needed to see a number,
look up `weird error' in the index to The TeXbook.)

! Missing number, treated as zero.
<to be read again> 
                   \let 
l.49 ...Wang2017}\cite{Huang2020}\cite{Huang2020a}
                                                  。このモジュラーポリシーア...
A number should have been here; I inserted `0'.
(If you can't figure out why I needed to see a number,
look up `weird error' in the index to The TeXbook.)

! Missing number, treated as zero.
<to be read again> 
                   \let 
l.49 ...ーラで実現することを示した\cite{Huang2020}
                                                  \cite{Huang2020a}。\textbf...
A number should have been here; I inserted `0'.
(If you can't figure out why I needed to see a number,
look up `weird error' in the index to The TeXbook.)

! Missing number, treated as zero.
<to be read again> 
                   \let 
l.49 ...を示した\cite{Huang2020}\cite{Huang2020a}
                                                 。\textbf{図1}はこの考え方を示
A number should have been here; I inserted `0'.
(If you can't figure out why I needed to see a number,
look up `weird error' in the index to The TeXbook.)

! Missing number, treated as zero.
<to be read again> 
                   \let 
l.49 ...間のスキル転移を可能にする\cite{Huang2020}
                                                  \cite{Huang2020a}。GNNを超...
A number should have been here; I inserted `0'.
(If you can't figure out why I needed to see a number,
look up `weird error' in the index to The TeXbook.)

! Missing number, treated as zero.
<to be read again> 
                   \let 
l.49 ...能にする\cite{Huang2020}\cite{Huang2020a}
                                                 。GNNを超えて、研究者たちは異
A number should have been here; I inserted `0'.
(If you can't figure out why I needed to see a number,
look up `weird error' in the index to The TeXbook.)

! Missing number, treated as zero.
<to be read again> 
                   \let 
l.49 ...いて異なる身体間で転移できる\cite{Zhu2024}
                                                  。Zhuらは\textbf{効果サイ...
A number should have been here; I inserted `0'.
(If you can't figure out why I needed to see a number,
look up `weird error' in the index to The TeXbook.)

! Missing number, treated as zero.
<to be read again> 
                   \let 
l.49 ...シーケンスの結果を整合させた\cite{Zhu2024}
                                                  。これにより、生の行動が異...
A number should have been here; I inserted `0'.
(If you can't figure out why I needed to see a number,
look up `weird error' in the index to The TeXbook.)

! Missing number, treated as zero.
<to be read again> 
                   \let 
l.49 ...ォーマンスを大幅に向上させた\cite{Zhu2024}
                                                  。
A number should have been here; I inserted `0'.
(If you can't figure out why I needed to see a number,
look up `weird error' in the index to The TeXbook.)

! Missing number, treated as zero.
<to be read again> 
                   \let 
l.51 \cite{Huang2020}
                      \textit{図1：共有モジュラーポリシーは、各肢に同一のコ...
A number should have been here; I inserted `0'.
(If you can't figure out why I needed to see a number,
look up `weird error' in the index to The TeXbook.)

! Missing number, treated as zero.
<to be read again> 
                   \let 
l.51 ...になる\cite{Huang2020}\cite{Huang2020a}。}
                                                  
A number should have been here; I inserted `0'.
(If you can't figure out why I needed to see a number,
look up `weird error' in the index to The TeXbook.)

! Missing number, treated as zero.
<to be read again> 
                   \let 
l.51 ...になる\cite{Huang2020}\cite{Huang2020a}。}
                                                  
A number should have been here; I inserted `0'.
(If you can't figure out why I needed to see a number,
look up `weird error' in the index to The TeXbook.)

! Missing number, treated as zero.
<to be read again> 
                   \let 
l.53 ...層的アプローチを提案した\cite{Sharma2019}
                                                 \cite{Niu2024}。この分離により
A number should have been here; I inserted `0'.
(If you can't figure out why I needed to see a number,
look up `weird error' in the index to The TeXbook.)

! Missing number, treated as zero.
<to be read again> 
                   \let 
l.53 ...を提案した\cite{Sharma2019}\cite{Niu2024}
                                                 。この分離により、例えば、ヒュ
A number should have been here; I inserted `0'.
(If you can't figure out why I needed to see a number,
look up `weird error' in the index to The TeXbook.)

! Missing number, treated as zero.
<to be read again> 
                   \let 
l.53 ...する場合でも転移が改善された\cite{Niu2024}
                                                  。同様に、\textit{観察から...
A number should have been here; I inserted `0'.
(If you can't figure out why I needed to see a number,
look up `weird error' in the index to The TeXbook.)

! Missing number, treated as zero.
<to be read again> 
                   \let 
l.53 ...観察して授粉戦略を学習できる\cite{Liu2018}
                                                  \cite{Taylor2009}。Desaiら...
A number should have been here; I inserted `0'.
(If you can't figure out why I needed to see a number,
look up `weird error' in the index to The TeXbook.)

! Missing number, treated as zero.
<to be read again> 
                   \let 
l.53 ...学習できる\cite{Liu2018}\cite{Taylor2009}
                                                 。Desaiらは、シミュレーション
A number should have been here; I inserted `0'.
(If you can't figure out why I needed to see a number,
look up `weird error' in the index to The TeXbook.)

! Missing number, treated as zero.
<to be read again> 
                   \let 
l.53 ...察からの模倣方法を実証した\cite{Desai2020}
                                                  。これらの方法は、ロボット...
A number should have been here; I inserted `0'.
(If you can't figure out why I needed to see a number,
look up `weird error' in the index to The TeXbook.)


Underfull \vbox (badness 5490) has occurred while \output is active []


Underfull \hbox (badness 10000) has occurred while \output is active
[]
 []

[1


]
! Missing number, treated as zero.
<to be read again> 
                   \let 
l.57 ...存しない特徴を学習する\cite{Sermanet2018}
                                                 。SermanetらはTCNを使用して、
A number should have been here; I inserted `0'.
(If you can't figure out why I needed to see a number,
look up `weird error' in the index to The TeXbook.)

! Missing number, treated as zero.
<to be read again> 
                   \let 
l.57 ...持つ埋め込みを学習した\cite{Sermanet2018}
                                                 。このような埋め込みにより、あ
A number should have been here; I inserted `0'.
(If you can't figure out why I needed to see a number,
look up `weird error' in the index to The TeXbook.)

! Missing number, treated as zero.
<to be read again> 
                   \let 
l.57 ...的であることが示されている\cite{Tian2020}
                                                 。強化学習では、Zhangらは\text
A number should have been here; I inserted `0'.
(If you can't figure out why I needed to see a number,
look up `weird error' in the index to The TeXbook.)

! Missing number, treated as zero.
<to be read again> 
                   \let 
l.60 ...可能にすることが示されている\cite{Zhu2024}
                                                  。残りのギャップはしばしば...
A number should have been here; I inserted `0'.
(If you can't figure out why I needed to see a number,
look up `weird error' in the index to The TeXbook.)

! Missing number, treated as zero.
<to be read again> 
                   \let 
l.63 ...に転移できることを実証した\cite{Gupta2017}
                                                  。特徴空間は高レベルのアフ...
A number should have been here; I inserted `0'.
(If you can't figure out why I needed to see a number,
look up `weird error' in the index to The TeXbook.)

! Missing number, treated as zero.
<to be read again> 
                   \let 
l.63 ...敵対的訓練を通じて学習できる\cite{Zhu2024}
                                                  。しかし、特徴が真に一般的...
A number should have been here; I inserted `0'.
(If you can't figure out why I needed to see a number,
look up `weird error' in the index to The TeXbook.)

! Missing number, treated as zero.
<to be read again> 
                   \let 
l.63 ...ンスが損なわれる可能性がある\cite{Zhu2024}
                                                  。
A number should have been here; I inserted `0'.
(If you can't figure out why I needed to see a number,
look up `weird error' in the index to The TeXbook.)

! Missing number, treated as zero.
<to be read again> 
                   \let 
l.65 ...れた一般化ポリシーを学習する\cite{Zhu2024}
                                                  。これは効果的に行動間を補...
A number should have been here; I inserted `0'.
(If you can't figure out why I needed to see a number,
look up `weird error' in the index to The TeXbook.)

! Missing number, treated as zero.
<to be read again> 
                   \let 
l.65 ...外挿できる（「形態学的転移」\cite{Zhu2024}
                                                  ）。最近の研究である\textb...
A number should have been here; I inserted `0'.
(If you can't figure out why I needed to see a number,
look up `weird error' in the index to The TeXbook.)

! Missing number, treated as zero.
<to be read again> 
                   \let 
l.65 ...的なポリシーを学習した\cite{Trabucco2022}
                                                 。
A number should have been here; I inserted `0'.
(If you can't figure out why I needed to see a number,
look up `weird error' in the index to The TeXbook.)

! Missing number, treated as zero.
<to be read again> 
                   \let 
l.67 ...に焦点を当てることができる\cite{Chen2022}
                                                 。このようなモデルをマルチモー
A number should have been here; I inserted `0'.
(If you can't figure out why I needed to see a number,
look up `weird error' in the index to The TeXbook.)


Underfull \vbox (badness 10000) has occurred while \output is active []


Underfull \hbox (badness 10000) has occurred while \output is active
[]
 []

[2]
! Missing number, treated as zero.
<to be read again> 
                   \let 
l.70 ...を処理するように設計できる\cite{Jiang2023}
                                                  \cite{Jiang2023a}。例えば...
A number should have been here; I inserted `0'.
(If you can't figure out why I needed to see a number,
look up `weird error' in the index to The TeXbook.)

! Missing number, treated as zero.
<to be read again> 
                   \let 
l.70 ...計できる\cite{Jiang2023}\cite{Jiang2023a}
                                                 。例えば、いくつかの農場ロボッ
A number should have been here; I inserted `0'.
(If you can't figure out why I needed to see a number,
look up `weird error' in the index to The TeXbook.)

! Missing number, treated as zero.
<to be read again> 
                   \let 
l.70 ...てのロボットに送り返される\cite{Jiang2023}
                                                  \cite{Jiang2023a}。この協...
A number should have been here; I inserted `0'.
(If you can't figure out why I needed to see a number,
look up `weird error' in the index to The TeXbook.)

! Missing number, treated as zero.
<to be read again> 
                   \let 
l.70 ...返される\cite{Jiang2023}\cite{Jiang2023a}
                                                 。この協調学習はサンプル効率と
A number should have been here; I inserted `0'.
(If you can't figure out why I needed to see a number,
look up `weird error' in the index to The TeXbook.)

! Missing number, treated as zero.
<to be read again> 
                   \let 
l.72 ...するフレームワークを導入した\cite{Liu2020}
                                                  。これは異なる身体からのス...
A number should have been here; I inserted `0'.
(If you can't figure out why I needed to see a number,
look up `weird error' in the index to The TeXbook.)

! Missing number, treated as zero.
<to be read again> 
                   \let 
l.72 ...組み合わせることで可能になる\cite{Liu2020}
                                                  。
A number should have been here; I inserted `0'.
(If you can't figure out why I needed to see a number,
look up `weird error' in the index to The TeXbook.)

! Missing number, treated as zero.
<to be read again> 
                   \let 
l.74 ...あることを確保するのに役立つ\cite{Zhu2024}
                                                  \cite{Zhu2024b}。サイクル...
A number should have been here; I inserted `0'.
(If you can't figure out why I needed to see a number,
look up `weird error' in the index to The TeXbook.)

! Missing number, treated as zero.
<to be read again> 
                   \let 
l.74 ...るのに役立つ\cite{Zhu2024}\cite{Zhu2024b}
                                                 。サイクル一貫性のある生成手法
A number should have been here; I inserted `0'.
(If you can't figure out why I needed to see a number,
look up `weird error' in the index to The TeXbook.)

! Missing number, treated as zero.
<to be read again> 
                   \let 
l.74 ...」画像で訓練できるようにする\cite{Rao2020}
                                                  。同様に、\textbf{RetinaGA...
A number should have been here; I inserted `0'.
(If you can't figure out why I needed to see a number,
look up `weird error' in the index to The TeXbook.)

! Missing number, treated as zero.
<to be read again> 
                   \let 
l.74 ...せるなど）に焦点を当てている\cite{Ho2021}
                                                 。これらは主にシム-リアル視覚
A number should have been here; I inserted `0'.
(If you can't figure out why I needed to see a number,
look up `weird error' in the index to The TeXbook.)

! Missing number, treated as zero.
<to be read again> 
                   \let 
l.79 ...形成報酬として使用できる\cite{Taylor2009}
                                                 。これは形態間のポリシー蒸留の
A number should have been here; I inserted `0'.
(If you can't figure out why I needed to see a number,
look up `weird error' in the index to The TeXbook.)


Underfull \hbox (badness 10000) has occurred while \output is active
[]
 []

[3]
! Missing number, treated as zero.
<to be read again> 
                   \let 
l.81 ...速な学習に最も効果的である\cite{Jiang2023}
                                                  \cite{Jiang2023a}。このよ...
A number should have been here; I inserted `0'.
(If you can't figure out why I needed to see a number,
look up `weird error' in the index to The TeXbook.)

! Missing number, treated as zero.
<to be read again> 
                   \let 
l.81 ...的である\cite{Jiang2023}\cite{Jiang2023a}
                                                 。このような手法の成功は、互い
A number should have been here; I inserted `0'.
(If you can't figure out why I needed to see a number,
look up `weird error' in the index to The TeXbook.)

! Missing number, treated as zero.
<to be read again> 
                   \let 
l.87 ...の物体の姿勢追跡を改善した\cite{Bimbo2012}
                                                  。視覚センシングは手の中の...
A number should have been here; I inserted `0'.
(If you can't figure out why I needed to see a number,
look up `weird error' in the index to The TeXbook.)

! Missing number, treated as zero.
<to be read again> 
                   \let 
l.87 ...界から消えても姿勢を追跡した\cite{Yu2018}
                                                 。触覚読み取り値はグリッパーに
A number should have been here; I inserted `0'.
(If you can't figure out why I needed to see a number,
look up `weird error' in the index to The TeXbook.)

! Missing number, treated as zero.
<to be read again> 
                   \let 
l.89 ...プネットワークを訓練した\cite{Dikhale2022}
                                                  。彼らの視触覚姿勢推定器は...
A number should have been here; I inserted `0'.
(If you can't figure out why I needed to see a number,
look up `weird error' in the index to The TeXbook.)

! Missing number, treated as zero.
<to be read again> 
                   \let 
l.89 ...理することが示された\cite{Villalonga2021}
                                                 。しかし、純粋に学習されたアプ
A number should have been here; I inserted `0'.
(If you can't figure out why I needed to see a number,
look up `weird error' in the index to The TeXbook.)

! Missing number, treated as zero.
<to be read again> 
                   \let 
l.89 ...ス回帰問題として扱う\cite{Villalonga2021}
                                                 。より多くの構造を組み込むため
A number should have been here; I inserted `0'.
(If you can't figure out why I needed to see a number,
look up `weird error' in the index to The TeXbook.)

! Missing number, treated as zero.
<to be read again> 
                   \let 
l.89 ...された形状から姿勢を推定する\cite{Li2023}
                                                 \cite{Li2023a}。物体の遮蔽され
A number should have been here; I inserted `0'.
(If you can't figure out why I needed to see a number,
look up `weird error' in the index to The TeXbook.)

! Missing number, treated as zero.
<to be read again> 
                   \let 
l.89 ...姿勢を推定する\cite{Li2023}\cite{Li2023a}
                                                 。物体の遮蔽された部分を「想像
A number should have been here; I inserted `0'.
(If you can't figure out why I needed to see a number,
look up `weird error' in the index to The TeXbook.)

! Missing number, treated as zero.
<to be read again> 
                   \let 
l.89 ...して姿勢推定を大幅に改善した\cite{Li2023}
                                                 \cite{Li2023a}。これは状態推定
A number should have been here; I inserted `0'.
(If you can't figure out why I needed to see a number,
look up `weird error' in the index to The TeXbook.)

! Missing number, treated as zero.
<to be read again> 
                   \let 
l.89 ...大幅に改善した\cite{Li2023}\cite{Li2023a}
                                                 。これは状態推定における生成モ
A number should have been here; I inserted `0'.
(If you can't figure out why I needed to see a number,
look up `weird error' in the index to The TeXbook.)

! Missing number, treated as zero.
<to be read again> 
                   \let 
l.91 ...グリップや視点を調整する\cite{Murali2022}
                                                 。探索的行動（より多くの物体表
A number should have been here; I inserted `0'.
(If you can't figure out why I needed to see a number,
look up `weird error' in the index to The TeXbook.)

! Missing number, treated as zero.
<to be read again> 
                   \let 
l.91 ...り正確な姿勢をもたらした\cite{Murali2022}
                                                 。この\textit{インタラクティブ
A number should have been here; I inserted `0'.
(If you can't figure out why I needed to see a number,
look up `weird error' in the index to The TeXbook.)

! Missing number, treated as zero.
<to be read again> 
                   \let 
l.93 ...ransformer（VTT）を開発した\cite{Chen2022}
                                                  。トランスフォーマーのセル...
A number should have been here; I inserted `0'.
(If you can't figure out why I needed to see a number,
look up `weird error' in the index to The TeXbook.)


Underfull \vbox (badness 5832) has occurred while \output is active []


Underfull \hbox (badness 10000) has occurred while \output is active
[]
 []

[4]
! Missing number, treated as zero.
<to be read again> 
                   \let 
l.96 ...の花粉粒を定量化できる\cite{MacGregor2018}
                                                  。原則として、ロボットは授...
A number should have been here; I inserted `0'.
(If you can't figure out why I needed to see a number,
look up `weird error' in the index to The TeXbook.)

! Missing number, treated as zero.
<to be read again> 
                   \let 
l.96 ...粉沈着をカウントできる\cite{MacGregor2018}
                                                  。しかし、照明や花粉の微小...
A number should have been here; I inserted `0'.
(If you can't figure out why I needed to see a number,
look up `weird error' in the index to The TeXbook.)

! Missing number, treated as zero.
<to be read again> 
                   \let 
l.98 ...を授粉されたとマークする\cite{Hulens2022}
                                                 \cite{Hulens2022a}。しかし、二
A number should have been here; I inserted `0'.
(If you can't figure out why I needed to see a number,
look up `weird error' in the index to The TeXbook.)

! Missing number, treated as zero.
<to be read again> 
                   \let 
l.98 ...クする\cite{Hulens2022}\cite{Hulens2022a}
                                                 。しかし、二重授粉を避けたり一
A number should have been here; I inserted `0'.
(If you can't figure out why I needed to see a number,
look up `weird error' in the index to The TeXbook.)

! Missing number, treated as zero.
<to be read again> 
                   \let 
l.98 ...うに拡張できる可能性がある\cite{Singh2024}
                                                  。彼らのシステムはYOLOv5検...
A number should have been here; I inserted `0'.
(If you can't figure out why I needed to see a number,
look up `weird error' in the index to The TeXbook.)

! Missing number, treated as zero.
<to be read again> 
                   \let 
l.98 ...際に約82％のmAPを達成した\cite{Singh2024}
                                                 。このような検出器が授粉直後の
A number should have been here; I inserted `0'.
(If you can't figure out why I needed to see a number,
look up `weird error' in the index to The TeXbook.)

! Missing number, treated as zero.
<to be read again> 
                   \let 
l.100 ...クチニディア雌花を識別した\cite{Tang2024}
                                                  。ロボットはこのような分類...
A number should have been here; I inserted `0'.
(If you can't figure out why I needed to see a number,
look up `weird error' in the index to The TeXbook.)

! Missing number, treated as zero.
<to be read again> 
                   \let 
l.102 ...粉ロボットを説明している\cite{Hulens2022}
                                                  。彼らは成功の検証が制限で...
A number should have been here; I inserted `0'.
(If you can't figure out why I needed to see a number,
look up `weird error' in the index to The TeXbook.)

! Missing number, treated as zero.
<to be read again> 
                   \let 
l.105 ...りも優れていることを示した\cite{Sahu2023}
                                                  。このような検出器は、ター...
A number should have been here; I inserted `0'.
(If you can't figure out why I needed to see a number,
look up `weird error' in the index to The TeXbook.)

! Missing number, treated as zero.
<to be read again> 
                   \let 
l.105 ...した花の塊を識別している\cite{Khanal2023}
                                                  。これらの進歩により、ロボ...
A number should have been here; I inserted `0'.
(If you can't figure out why I needed to see a number,
look up `weird error' in the index to The TeXbook.)


Underfull \hbox (badness 10000) has occurred while \output is active
[]
 []

[5]
Underfull \vbox (badness 2460) has occurred while \output is active []


! Missing number, treated as zero.
<to be read again> 
                   \let 
l.117 ...した\cite{Bhattarai2024, Bhattarai2024a}
                                                 。彼らのシステムは各花の除去を
A number should have been here; I inserted `0'.
(If you can't figure out why I needed to see a number,
look up `weird error' in the index to The TeXbook.)


LaTeX Warning: Citation ` Bhattarai2024a' on page 6 undefined on input line 117
.


Underfull \hbox (badness 10000) has occurred while \output is active
[]
 []

[6]
Underfull \hbox (badness 10000) detected at line 130
[]\OT1/ptm/m/n/10 [1][]
 []

LaTeX Font Info:    Trying to load font information for OT1+pcr on input line 1
30.
(/usr/share/texlive/texmf-dist/tex/latex/psnfss/ot1pcr.fd
File: ot1pcr.fd 2001/06/04 font definitions for OT1/pcr.
)
Underfull \hbox (badness 10000) in paragraph at lines 130--131
\OT1/ptm/m/n/10 2024. [][]$\OT1/pcr/m/n/10 https : / / arxiv . org / html / 240
3 .
 []


Underfull \hbox (badness 10000) detected at line 131
[]\OT1/ptm/m/n/10 [2][]
 []


Underfull \hbox (badness 10000) in paragraph at lines 131--132
[]\OT1/ptm/m/n/10 R. Zhu, et al., ``To en-able pol-icy trans-
 []


Underfull \hbox (badness 10000) in paragraph at lines 131--132
\OT1/ptm/m/n/10 fer across robots with dif-fer-ent em-bod-i-
 []


Underfull \hbox (badness 10000) in paragraph at lines 131--132
\OT1/ptm/m/n/10 ments,'' \OT1/ptm/m/it/10 arXiv:2403.02018\OT1/ptm/m/n/10 , 202
4. [][]$\OT1/pcr/m/n/10 https :
 []


Underfull \vbox (badness 1997) has occurred while \output is active []


Underfull \hbox (badness 10000) detected at line 132
[]\OT1/ptm/m/n/10 [3][]
 []


Underfull \hbox (badness 10000) detected at line 133
[]\OT1/ptm/m/n/10 [4][]
 []


Underfull \hbox (badness 10000) detected at line 134
[]\OT1/ptm/m/n/10 [5][]
 []


Underfull \hbox (badness 10000) detected at line 135
[]\OT1/ptm/m/n/10 [6][]
 []


Underfull \hbox (badness 1270) in paragraph at lines 135--136
\OT1/ptm/m/n/10 wards learn-ing a sin-gle pol-icy that can gen-er-
 []


Underfull \hbox (badness 1867) in paragraph at lines 135--136
\OT1/ptm/m/n/10 al-ize across agents,'' \OT1/ptm/m/it/10 ICML\OT1/ptm/m/n/10 , 
2020. [][]$\OT1/pcr/m/n/10 https : / /
 []


Underfull \hbox (badness 10000) detected at line 136
[]\OT1/ptm/m/n/10 [7][]
 []


Underfull \hbox (badness 2142) in paragraph at lines 136--137
[]\OT1/ptm/m/n/10 P. Sharma, et al., ``Third-person vi-sual im-i-ta-
 []


Underfull \hbox (badness 10000) detected at line 137
[]\OT1/ptm/m/n/10 [8][]
 []


Underfull \hbox (badness 10000) in paragraph at lines 137--138
[]\OT1/ptm/m/n/10 H. Niu, et al., ``A Com-pre-hen-sive Sur-vey
 []


Underfull \hbox (badness 10000) in paragraph at lines 137--138
\OT1/ptm/m/n/10 of Cross-Domain Pol-icy Trans-fer for Em-
 []


Underfull \hbox (badness 6658) in paragraph at lines 137--138
\OT1/ptm/m/n/10 bod-ied Agents,'' \OT1/ptm/m/it/10 IJ-CAI Sur-vey Track\OT1/ptm
/m/n/10 , 2024.
 []


Underfull \hbox (badness 10000) in paragraph at lines 137--138
[][]$\OT1/pcr/m/n/10 https : / / www . ijcai . org / proceedings /
 []


Underfull \hbox (badness 10000) detected at line 138
[]\OT1/ptm/m/n/10 [9][]
 []


Underfull \hbox (badness 3281) in paragraph at lines 140--141
[]\OT1/ptm/m/n/10 S. De-sai, et al., ``Im-i-ta-tion from ob-ser-va-tion
 []


Underfull \hbox (badness 1215) in paragraph at lines 140--141
\OT1/ptm/m/n/10 for trans-fer learn-ing with dy-nam-ics mis-match,''
 []


Underfull \hbox (badness 6063) in paragraph at lines 141--142
[]\OT1/ptm/m/n/10 J. Abou-Chakra, et al., ``Phys-i-cally Em-bod-
 []


Underfull \hbox (badness 5667) in paragraph at lines 141--142
\OT1/ptm/m/n/10 ied Gaus-sian Splat-ting: Vi-su-ally learnt and
 []


Underfull \hbox (badness 10000) in paragraph at lines 141--142
\OT1/ptm/m/n/10 phys-i-cally grounded 3D rep-re-sen-ta-tion for
 []


Underfull \hbox (badness 10000) in paragraph at lines 141--142
\OT1/ptm/m/n/10 robotics,'' \OT1/ptm/m/it/10 Un-der re-view\OT1/ptm/m/n/10 , 20
24. [][]$\OT1/pcr/m/n/10 https :
 []


Underfull \hbox (badness 1383) in paragraph at lines 144--145
[]\OT1/ptm/m/n/10 Q. Zhang, et al., ``Learn-ing cross-domain cor-
 []


Underfull \hbox (badness 2913) in paragraph at lines 144--145
\OT1/ptm/m/n/10 re-spon-dence for con-trol with dy-nam-ics cycle-
 []


Underfull \hbox (badness 2237) in paragraph at lines 145--146
\OT1/ptm/m/n/10 to trans-fer skills with re-in-force-ment learn-ing,''
 []


Underfull \hbox (badness 10000) in paragraph at lines 148--149
[]\OT1/ptm/m/n/10 Y. Jiang, et al., ``Fe-dRobo: Fed-er-ated
 []


Underfull \hbox (badness 10000) in paragraph at lines 148--149
\OT1/ptm/m/n/10 Learn-ing Driven Au-tonomous In-ter Robots
 []


Underfull \hbox (badness 10000) in paragraph at lines 148--149
\OT1/ptm/m/n/10 Com-mu-ni-ca-tion For Op-ti-mal Chem-i-cal
 []


Underfull \hbox (badness 10000) in paragraph at lines 148--149
\OT1/ptm/m/n/10 Sprays,'' \OT1/ptm/m/it/10 arXiv:2408.06382\OT1/ptm/m/n/10 , 20
23. [][]$\OT1/pcr/m/n/10 https :
 []


Underfull \vbox (badness 2119) has occurred while \output is active []


Underfull \hbox (badness 10000) has occurred while \output is active
[]
 []

[7]
Underfull \hbox (badness 2772) in paragraph at lines 149--150
[]\OT1/ptm/m/n/10 Y. Jiang, et al., ``Fed-er-ated Learn-ing en-ables
 []


Underfull \hbox (badness 2221) in paragraph at lines 149--150
\OT1/ptm/m/n/10 robots to learn col-lab-o-ra-tively with-out shar-ing
 []


Underfull \hbox (badness 6284) in paragraph at lines 150--151
[]\OT1/ptm/m/n/10 B. Liu, et al., ``Fed-er-ated Im-i-ta-tion Learn-
 []


Underfull \hbox (badness 1874) in paragraph at lines 150--151
\OT1/ptm/m/n/10 robotics,'' \OT1/ptm/m/it/10 arXiv:1912.12204\OT1/ptm/m/n/10 , 
2020. [][]$\OT1/pcr/m/n/10 https : / /
 []


Underfull \hbox (badness 5756) in paragraph at lines 151--152
[]\OT1/ptm/m/n/10 R. Zhu, et al., ``Do-main ran-dom-iza-tion for
 []


Underfull \hbox (badness 10000) in paragraph at lines 151--152
\OT1/ptm/m/n/10 ro-bust trans-fer learn-ing,'' \OT1/ptm/m/it/10 arXiv:2403.0201
8\OT1/ptm/m/n/10 ,
 []


Underfull \hbox (badness 10000) in paragraph at lines 151--152
\OT1/ptm/m/n/10 2024. [][]$\OT1/pcr/m/n/10 https : / / arxiv . org / html / 240
3 .
 []


Underfull \hbox (badness 1024) in paragraph at lines 152--153
[]\OT1/ptm/m/n/10 K. Rao, et al., ``RL-CycleGAN: Re-in-force-ment
 []


Underfull \hbox (badness 2035) in paragraph at lines 158--159
[]\OT1/ptm/m/n/10 H. Li, et al., ``Vi-HOPE: Vi-suo-tac-tile In-Hand
 []


Underfull \hbox (badness 2103) in paragraph at lines 158--159
\OT1/ptm/m/n/10 Ob-ject 6D Pose Es-ti-ma-tion with Shape Com-
 []


Underfull \hbox (badness 6300) in paragraph at lines 158--159
\OT1/ptm/m/n/10 ple-tion,'' \OT1/ptm/m/it/10 NeurIPS Work-shop\OT1/ptm/m/n/10 ,
 2023. [][]$\OT1/pcr/m/n/10 https :
 []


Underfull \hbox (badness 10000) in paragraph at lines 158--159
\OT1/pcr/m/n/10 / / www . touchprocessing . org / 2023 /
 []


Underfull \hbox (badness 1946) in paragraph at lines 159--160
\OT1/ptm/m/n/10 a novel ap-proach for in-hand ob-ject 6D pose
 []


Underfull \hbox (badness 10000) in paragraph at lines 159--160
\OT1/pcr/m/n/10 / / www . touchprocessing . org / 2023 /
 []


Underfull \hbox (badness 1097) in paragraph at lines 161--162
[]\OT1/ptm/m/n/10 C. Mac-Gre-gor and A. Scott-Brown, ``Quan-ti-fy-
 []


Underfull \hbox (badness 2111) in paragraph at lines 161--162
\OT1/ptm/m/n/10 ing pollen de-po-si-tion with macro pho-tog-ra-phy
 []


Underfull \hbox (badness 10000) in paragraph at lines 161--162
[][]$\OT1/pcr/m/n/10 https : / / pollinationecology . org /
 []


Underfull \vbox (badness 2538) has occurred while \output is active []


Underfull \hbox (badness 6173) in paragraph at lines 165--166
[]\OT1/ptm/m/n/10 Y. Tang, et al., ``Deep learn-ing based ap-
 []


Underfull \hbox (badness 10000) in paragraph at lines 165--166
\OT1/ptm/m/n/10 proach for Ac-tini-dia flower de-tec-tion and
 []


Underfull \hbox (badness 2529) in paragraph at lines 165--166
\OT1/ptm/m/n/10 pollen anal-y-sis,'' \OT1/ptm/m/it/10 Sci. Rep.\OT1/ptm/m/n/10 
, 2024. [][]$\OT1/pcr/m/n/10 https : / /
 []


Underfull \hbox (badness 10000) in paragraph at lines 165--166
\OT1/pcr/m/n/10 www . researchgate . net / publication /
 []


Underfull \hbox (badness 10000) in paragraph at lines 165--166
\OT1/pcr/m/n/10 369381897 _ Artificial _ pollination _
 []


Underfull \hbox (badness 10000) in paragraph at lines 165--166
\OT1/pcr/m/n/10 of _ kiwifruit _ Actinidia _ chinensis _
 []


Underfull \hbox (badness 10000) in paragraph at lines 165--166
\OT1/pcr/m/n/10 Planch _ var _ chinensis _ Ericales _
 []


Underfull \hbox (badness 10000) in paragraph at lines 165--166
\OT1/pcr/m/n/10 Actinidiaceae _ results _ in _ greater _
 []


Underfull \hbox (badness 10000) in paragraph at lines 165--166
\OT1/pcr/m/n/10 fruit _ set _ compared _ to _ flowers _
 []


Underfull \hbox (badness 10000) in paragraph at lines 165--166
\OT1/pcr/m/n/10 pollinated _ by _ managed _ bees _ Apis _
 []


Underfull \hbox (badness 1048) in paragraph at lines 166--167
\OT1/ptm/m/n/10 Thin-ning,'' \OT1/ptm/m/it/10 ASABE An-nual Intl. Meet-ing\OT1/
ptm/m/n/10 , 2023.
 []


Underfull \hbox (badness 10000) in paragraph at lines 166--167
[][]$\OT1/pcr/m/n/10 https : / / elibrary . asabe . org / azdez .
 []


Underfull \hbox (badness 10000) in paragraph at lines 166--167
\OT1/pcr/m/n/10 asp ? JID = 5 & AID = 54133 & CID = oma2023 & T =
 []


Underfull \hbox (badness 2351) in paragraph at lines 167--168
[]\OT1/ptm/m/n/10 S.R. Khanal, et al., ``Ma-chine Vi-sion Sys-tem
 []


Underfull \hbox (badness 1264) in paragraph at lines 167--168
\OT1/ptm/m/n/10 ters De-tec-tion for Pre-ci-sion Thin-ning and Pol-
 []


Underfull \hbox (badness 2626) in paragraph at lines 167--168
\OT1/ptm/m/n/10 li-na-tion,'' \OT1/ptm/m/it/10 arXiv:2304.09351\OT1/ptm/m/n/10 
, 2023. [][]$\OT1/pcr/m/n/10 https : / /
 []


Underfull \hbox (badness 10000) in paragraph at lines 168--169
[]\OT1/ptm/m/n/10 M. Bhat-tarai, et al., ``Robotic Sys-tem
 []


Underfull \hbox (badness 10000) in paragraph at lines 168--169
\OT1/ptm/m/n/10 for Pre-ci-sion Blos-som Thin-ning in Ap-
 []


Underfull \hbox (badness 10000) in paragraph at lines 168--169
\OT1/ptm/m/n/10 ples,'' \OT1/ptm/m/it/10 WSU Tree Fruit\OT1/ptm/m/n/10 , 2024. 
[][]$\OT1/pcr/m/n/10 https :
 []


Underfull \hbox (badness 10000) in paragraph at lines 168--169
\OT1/pcr/m/n/10 / / treefruit . wsu . edu / article /
 []


Overfull \hbox (133.53787pt too wide) in paragraph at lines 168--169
\OT1/pcr/m/n/10 robotic-[]system-[]for-[]precision-[]blossom-[]thinning-[]in-[]
apples/$[][] 
 []


Underfull \hbox (badness 10000) in paragraph at lines 169--170
[]\OT1/ptm/m/n/10 M. Bhat-tarai, et al., ``sim-i-lar to a weed
 []


Underfull \hbox (badness 10000) in paragraph at lines 169--170
\OT1/ptm/m/n/10 cut-ter, trig-gered and per-forms the thin-
 []


Underfull \hbox (badness 10000) in paragraph at lines 169--170
\OT1/ptm/m/n/10 ning,'' \OT1/ptm/m/it/10 WSU Tree Fruit\OT1/ptm/m/n/10 , 2024. 
[][]$\OT1/pcr/m/n/10 https :
 []


Underfull \hbox (badness 10000) in paragraph at lines 169--170
\OT1/pcr/m/n/10 / / treefruit . wsu . edu / article /
 []


Overfull \hbox (133.53787pt too wide) in paragraph at lines 169--170
\OT1/pcr/m/n/10 robotic-[]system-[]for-[]precision-[]blossom-[]thinning-[]in-[]
apples/$[][] 
 []


Underfull \hbox (badness 10000) has occurred while \output is active
[]
 []

[8] (./template_v1.0.aux)
 ***********
pLaTeX2e <2023-02-14>+1, based on
LaTeX2e <2023-11-01> patch level 1
L3 programming layer <2024-01-22>
 ***********
Package rerunfilecheck Info: File `template_v1.0.out' has not changed.
(rerunfilecheck)             Checksum: DEA5B5EFBD3E139C034D3CFCD6889902;2197.
 ) 
Here is how much of TeX's memory you used:
 12487 strings out of 475916
 189306 string characters out of 5788117
 1937820 words of memory out of 5000000
 34407 multiletter control sequences out of 15000+600000
 598026 words of font info for 183 fonts, out of 8000000 for 9000
 309 hyphenation exceptions out of 8191
 72i,6n,85p,2272b,600s stack positions out of 10000i,1000n,20000p,200000b,200000s

Output written on template_v1.0.dvi (8 pages, 109896 bytes).
