\BOOKMARK [1][-]{section.1}{\376\377\000序\000論}{}% 1
\BOOKMARK [2][-]{subsection.1.1}{\376\377\000共\000有\000視\000野\000保\000証\000の\000重\000要\000性\000と\000背\000景}{section.1}% 2
\BOOKMARK [2][-]{subsection.1.2}{\376\377\000既\000存\000研\000究\000の\000課\000題}{section.1}% 3
\BOOKMARK [2][-]{subsection.1.3}{\376\377\000本\000研\000究\000の\000貢\000献}{section.1}% 4
\BOOKMARK [2][-]{subsection.1.4}{\376\377\000論\000文\000構\000成}{section.1}% 5
\BOOKMARK [1][-]{section.2}{\376\377\000準\000備\000：\000制\000御\000バ\000リ\000ア\000関\000数}{}% 6
\BOOKMARK [2][-]{subsection.2.1}{\376\377\000C\000B\000F\000の\000基\000本\000概\000念}{section.2}% 7
\BOOKMARK [2][-]{subsection.2.2}{\376\377\000高\000次\000制\000御\000バ\000リ\000ア\000関\000数}{section.2}% 8
\BOOKMARK [1][-]{section.3}{\376\377\000問\000題\000設\000定}{}% 9
\BOOKMARK [2][-]{subsection.3.1}{\376\377\000シ\000ス\000テ\000ム\000モ\000デ\000ル\000：\000S\000E\000\050\0003\000\051\000上\000の\000剛\000体\000運\000動}{section.3}% 10
\BOOKMARK [2][-]{subsection.3.2}{\376\377\000共\000有\000視\000野\000の\000定\000義}{section.3}% 11
\BOOKMARK [2][-]{subsection.3.3}{\376\377\000問\000題\000設\000定}{section.3}% 12
\BOOKMARK [1][-]{section.4}{\376\377\000共\000有\000視\000野\000の\000た\000め\000の\000C\000B\000F}{}% 13
\BOOKMARK [2][-]{subsection.4.1}{\376\377\000単\000一\000特\000徴\000点\000追\000従\000の\000安\000全\000制\000約}{section.4}% 14
\BOOKMARK [2][-]{subsection.4.2}{\376\377\000複\000数\000特\000徴\000点\000追\000従\000の\000安\000全\000制\000約}{section.4}% 15
\BOOKMARK [2][-]{subsection.4.3}{\376\377\000複\000数\000エ\000ー\000ジ\000ェ\000ン\000ト\000の\000共\000通\000特\000徴\000点\000追\000従}{section.4}% 16
\BOOKMARK [2][-]{subsection.4.4}{\376\377\000分\000散\000型\000実\000装}{section.4}% 17
\BOOKMARK [1][-]{section.5}{\376\377\000二\000次\000系\000シ\000ス\000テ\000ム\000の\000た\000め\000の\000高\000次\000C\000B\000F}{}% 18
\BOOKMARK [2][-]{subsection.5.1}{\376\377\000S\000E\000\050\0003\000\051\000に\000お\000け\000る\000離\000散\000ダ\000イ\000ナ\000ミ\000ク\000ス}{section.5}% 19
\BOOKMARK [2][-]{subsection.5.2}{\376\377\000ホ\000ロ\000ノ\000ミ\000ッ\000ク\000系\000と\000Q\000P\000定\000式\000化}{section.5}% 20
\BOOKMARK [2][-]{subsection.5.3}{\376\377\000単\000一\000の\000特\000徴\000点\000を\000追\000従\000す\000る\000H\000O\000C\000B\000F\000制\000約}{section.5}% 21
\BOOKMARK [2][-]{subsection.5.4}{\376\377\000非\000ホ\000ロ\000ノ\000ミ\000ッ\000ク\000系\000へ\000の\000拡\000張}{section.5}% 22
\BOOKMARK [2][-]{subsection.5.5}{\376\377\000複\000数\000特\000徴\000点\000・\000複\000数\000エ\000ー\000ジ\000ェ\000ン\000ト\000の\000場\000合}{section.5}% 23
\BOOKMARK [1][-]{section.6}{\376\377\000シ\000ミ\000ュ\000レ\000ー\000シ\000ョ\000ン\000結\000果}{}% 24
\BOOKMARK [2][-]{subsection.6.1}{\376\377\000単\000一\000特\000徴\000点\000追\000従\000の\000シ\000ミ\000ュ\000レ\000ー\000シ\000ョ\000ン}{section.6}% 25
\BOOKMARK [2][-]{subsection.6.2}{\376\377\000複\000数\000特\000徴\000点\000追\000従\000の\000シ\000ミ\000ュ\000レ\000ー\000シ\000ョ\000ン}{section.6}% 26
\BOOKMARK [2][-]{subsection.6.3}{\376\377\000分\000散\000実\000装\000の\000性\000能\000評\000価}{section.6}% 27
\BOOKMARK [1][-]{section.7}{\376\377\000結\000論}{}% 28
