\BOOKMARK [1][-]{section.1}{\376\377\000I\000n\000t\000r\000o\000d\000u\000c\000t\000i\000o\000n}{}% 1
\BOOKMARK [1][-]{section.2}{\376\377\000P\000r\000e\000l\000i\000m\000i\000n\000a\000r\000y\000:\000\040\000C\000o\000n\000t\000r\000o\000l\000\040\000B\000a\000r\000r\000i\000e\000r\000\040\000F\000u\000n\000c\000t\000i\000o\000n}{}% 2
\BOOKMARK [2][-]{subsection.2.1}{\376\377\000制\000御\000バ\000リ\000ア\000関\000数\000の\000基\000本\000概\000念}{section.2}% 3
\BOOKMARK [2][-]{subsection.2.2}{\376\377\000高\000次\000制\000御\000バ\000リ\000ア\000関\000数}{section.2}% 4
\BOOKMARK [1][-]{section.3}{\376\377\000P\000r\000o\000b\000l\000e\000m\000\040\000F\000o\000r\000m\000u\000l\000a\000t\000i\000o\000n}{}% 5
\BOOKMARK [2][-]{subsection.3.1}{\376\377\000シ\000ス\000テ\000ム\000モ\000デ\000ル\000(\000S\000E\000\050\0003\000\051\000上\000の\000剛\000体\000運\000動\000)}{section.3}% 6
\BOOKMARK [2][-]{subsection.3.2}{\376\377\000共\000有\000視\000野\000の\000定\000義\000と\000問\000題\000設\000定}{section.3}% 7
\BOOKMARK [1][-]{section.4}{\376\377\000C\000B\000F\000s\000\040\000f\000o\000r\000\040\000S\000h\000a\000r\000e\000d\000\040\000F\000i\000e\000l\000d\000\040\000o\000f\000\040\000V\000i\000e\000w}{}% 8
\BOOKMARK [2][-]{subsection.4.1}{\376\377\000単\000一\000特\000徴\000点\000追\000従\000の\000安\000全\000制\000約}{section.4}% 9
\BOOKMARK [2][-]{subsection.4.2}{\376\377\000複\000数\000特\000徴\000点\000追\000従\000の\000安\000全\000制\000約}{section.4}% 10
\BOOKMARK [2][-]{subsection.4.3}{\376\377\000複\000数\000エ\000ー\000ジ\000ェ\000ン\000ト\000の\000共\000通\000特\000徴\000点\000追\000従}{section.4}% 11
\BOOKMARK [2][-]{subsection.4.4}{\376\377\000分\000散\000型\000実\000装}{section.4}% 12
\BOOKMARK [1][-]{section.5}{\376\377\000H\000i\000g\000h\000e\000r\000-\000O\000r\000d\000e\000r\000\040\000C\000B\000F\000s\000\040\000f\000o\000r\000\040\000S\000e\000c\000o\000n\000d\000-\000O\000r\000d\000e\000r\000\040\000S\000y\000s\000t\000e\000m\000s}{}% 13
\BOOKMARK [2][-]{subsection.5.1}{\376\377\000S\000E\000\050\0003\000\051\000に\000お\000け\000る\000離\000散\000ダ\000イ\000ナ\000ミ\000ク\000ス}{section.5}% 14
\BOOKMARK [2][-]{subsection.5.2}{\376\377\000ホ\000ロ\000ノ\000ミ\000ッ\000ク\000系\000と\000Q\000P\000定\000式\000化}{section.5}% 15
\BOOKMARK [2][-]{subsection.5.3}{\376\377\000単\000一\000の\000特\000徴\000点\000を\000追\000従\000す\000る\000H\000O\000C\000B\000F\000制\000約}{section.5}% 16
\BOOKMARK [2][-]{subsection.5.4}{\376\377\000非\000ホ\000ロ\000ノ\000ミ\000ッ\000ク\000系\000へ\000の\000拡\000張}{section.5}% 17
\BOOKMARK [2][-]{subsection.5.5}{\376\377\000複\000数\000エ\000ー\000ジ\000ェ\000ン\000ト\000・\000複\000数\000特\000徴\000点\000の\000場\000合}{section.5}% 18
\BOOKMARK [2][-]{subsection.5.6}{\376\377\000複\000数\000エ\000ー\000ジ\000ェ\000ン\000ト\000が\000共\000通\000の\000特\000徴\000点\000を\000追\000従\000す\000る\000場\000合\000(\000H\000O\000C\000B\000F\000)}{section.5}% 19
\BOOKMARK [1][-]{section.6}{\376\377\000S\000i\000m\000u\000l\000a\000t\000i\000o\000n\000\040\000R\000e\000s\000u\000l\000t\000s}{}% 20
\BOOKMARK [2][-]{subsection.6.1}{\376\377\000シ\000ミ\000ュ\000レ\000ー\000シ\000ョ\000ン\000設\000定}{section.6}% 21
\BOOKMARK [2][-]{subsection.6.2}{\376\377\000単\000一\000特\000徴\000点\000追\000従\000の\000シ\000ミ\000ュ\000レ\000ー\000シ\000ョ\000ン}{section.6}% 22
\BOOKMARK [2][-]{subsection.6.3}{\376\377\000複\000数\000特\000徴\000点\000追\000従\000の\000シ\000ミ\000ュ\000レ\000ー\000シ\000ョ\000ン}{section.6}% 23
\BOOKMARK [2][-]{subsection.6.4}{\376\377\000複\000数\000エ\000ー\000ジ\000ェ\000ン\000ト\000の\000共\000通\000特\000徴\000点\000追\000従}{section.6}% 24
\BOOKMARK [2][-]{subsection.6.5}{\376\377\000分\000散\000実\000装\000の\000性\000能\000評\000価}{section.6}% 25
\BOOKMARK [2][-]{subsection.6.6}{\376\377\000二\000次\000系\000シ\000ス\000テ\000ム\000の\000た\000め\000の\000H\000O\000C\000B\000F\000の\000評\000価}{section.6}% 26
\BOOKMARK [2][-]{subsection.6.7}{\376\377\000考\000察}{section.6}% 27
\BOOKMARK [1][-]{section.7}{\376\377\000C\000o\000n\000c\000l\000u\000s\000i\000o\000n}{}% 28
\BOOKMARK [2][-]{subsection.7.1}{\376\377\000研\000究\000成\000果\000の\000ま\000と\000め}{section.7}% 29
\BOOKMARK [2][-]{subsection.7.2}{\376\377\000今\000後\000の\000課\000題}{section.7}% 30
